[0.431s] [34mcolcon[0m [1;30mDEBUG[0m [32mCommand line arguments: ['C:\\Users\\Joey\\miniforge3\\envs\\ros_env\\Scripts\\colcon', 'build', '--packages-select', 'rae_oyster'][0m
[0.431s] [34mcolcon[0m [1;30mDEBUG[0m [32mParsed command line arguments: Namespace(log_base=None, log_level=None, verb_name='build', build_base='build', install_base='install', merge_install=False, symlink_install=False, test_result_base=None, continue_on_error=False, executor='parallel', parallel_workers=32, event_handlers=None, ignore_user_meta=False, metas=['./colcon.meta'], base_paths=['.'], packages_ignore=None, packages_ignore_regex=None, paths=None, packages_up_to=None, packages_up_to_regex=None, packages_above=None, packages_above_and_dependencies=None, packages_above_depth=None, packages_select_by_dep=None, packages_skip_by_dep=None, packages_skip_up_to=None, packages_select_build_failed=False, packages_skip_build_finished=False, packages_select_test_failures=False, packages_skip_test_passed=False, packages_select=['rae_oyster'], packages_skip=None, packages_select_regex=None, packages_skip_regex=None, packages_start=None, packages_end=None, cmake_args=None, cmake_target=None, cmake_target_skip_unavailable=False, cmake_clean_cache=False, cmake_clean_first=False, cmake_force_configure=False, ament_cmake_args=None, catkin_cmake_args=None, catkin_skip_building_tests=False, verb_parser=<colcon_defaults.argument_parser.defaults.DefaultArgumentsDecorator object at 0x0000019227C2FF10>, verb_extension=<colcon_core.verb.build.BuildVerb object at 0x000001922799A690>, main=<bound method BuildVerb.main of <colcon_core.verb.build.BuildVerb object at 0x000001922799A690>>)[0m
[0.595s] [34mcolcon.colcon_core.package_discovery[0m [1;30mLevel 1[0m discover_packages(colcon_meta) check parameters
[0.595s] [34mcolcon.colcon_core.package_discovery[0m [1;30mLevel 1[0m discover_packages(recursive) check parameters
[0.595s] [34mcolcon.colcon_core.package_discovery[0m [1;30mLevel 1[0m discover_packages(ignore) check parameters
[0.595s] [34mcolcon.colcon_core.package_discovery[0m [1;30mLevel 1[0m discover_packages(path) check parameters
[0.595s] [34mcolcon.colcon_core.package_discovery[0m [1;30mLevel 1[0m discover_packages(colcon_meta) discover
[0.595s] [34mcolcon.colcon_core.package_discovery[0m [1;30mLevel 1[0m discover_packages(recursive) discover
[0.596s] [34mcolcon.colcon_core.package_discovery[0m [1;30mINFO[0m Crawling recursively for packages in 'D:\UserProjects\Joey\Robotics\Rae\rae-ros-oyster\rae_oyster'
[0.596s] [34mcolcon.colcon_core.package_identification[0m [1;30mLevel 1[0m _identify(.) by extensions ['ignore', 'ignore_ament_install']
[0.596s] [34mcolcon.colcon_core.package_identification[0m [1;30mLevel 1[0m _identify(.) by extension 'ignore'
[0.596s] [34mcolcon.colcon_core.package_identification[0m [1;30mLevel 1[0m _identify(.) by extension 'ignore_ament_install'
[0.596s] [34mcolcon.colcon_core.package_identification[0m [1;30mLevel 1[0m _identify(.) by extensions ['colcon_pkg']
[0.596s] [34mcolcon.colcon_core.package_identification[0m [1;30mLevel 1[0m _identify(.) by extension 'colcon_pkg'
[0.596s] [34mcolcon.colcon_core.package_identification[0m [1;30mLevel 1[0m _identify(.) by extensions ['colcon_meta']
[0.596s] [34mcolcon.colcon_core.package_identification[0m [1;30mLevel 1[0m _identify(.) by extension 'colcon_meta'
[0.596s] [34mcolcon.colcon_core.package_identification[0m [1;30mLevel 1[0m _identify(.) by extensions ['ros']
[0.596s] [34mcolcon.colcon_core.package_identification[0m [1;30mLevel 1[0m _identify(.) by extension 'ros'
[0.663s] [34mcolcon.colcon_core.package_identification[0m [1;30mDEBUG[0m [32mPackage '.' with type 'ros.ament_python' and name 'rae_oyster'[0m
[0.663s] [34mcolcon.colcon_core.package_discovery[0m [1;30mLevel 1[0m discover_packages(recursive) using defaults
[0.663s] [34mcolcon.colcon_core.package_discovery[0m [1;30mLevel 1[0m discover_packages(ignore) discover
[0.663s] [34mcolcon.colcon_core.package_discovery[0m [1;30mLevel 1[0m discover_packages(ignore) using defaults
[0.663s] [34mcolcon.colcon_core.package_discovery[0m [1;30mLevel 1[0m discover_packages(path) discover
[0.663s] [34mcolcon.colcon_core.package_discovery[0m [1;30mLevel 1[0m discover_packages(path) using defaults
[0.709s] [34mcolcon.colcon_core.verb[0m [1;30mLevel 5[0m set package 'rae_oyster' build argument 'cmake_args' from command line to 'None'
[0.709s] [34mcolcon.colcon_core.verb[0m [1;30mLevel 5[0m set package 'rae_oyster' build argument 'cmake_target' from command line to 'None'
[0.709s] [34mcolcon.colcon_core.verb[0m [1;30mLevel 5[0m set package 'rae_oyster' build argument 'cmake_target_skip_unavailable' from command line to 'False'
[0.709s] [34mcolcon.colcon_core.verb[0m [1;30mLevel 5[0m set package 'rae_oyster' build argument 'cmake_clean_cache' from command line to 'False'
[0.709s] [34mcolcon.colcon_core.verb[0m [1;30mLevel 5[0m set package 'rae_oyster' build argument 'cmake_clean_first' from command line to 'False'
[0.709s] [34mcolcon.colcon_core.verb[0m [1;30mLevel 5[0m set package 'rae_oyster' build argument 'cmake_force_configure' from command line to 'False'
[0.709s] [34mcolcon.colcon_core.verb[0m [1;30mLevel 5[0m set package 'rae_oyster' build argument 'ament_cmake_args' from command line to 'None'
[0.709s] [34mcolcon.colcon_core.verb[0m [1;30mLevel 5[0m set package 'rae_oyster' build argument 'catkin_cmake_args' from command line to 'None'
[0.709s] [34mcolcon.colcon_core.verb[0m [1;30mLevel 5[0m set package 'rae_oyster' build argument 'catkin_skip_building_tests' from command line to 'False'
[0.709s] [34mcolcon.colcon_core.verb[0m [1;30mDEBUG[0m [32mBuilding package 'rae_oyster' with the following arguments: {'ament_cmake_args': None, 'build_base': 'D:\\UserProjects\\Joey\\Robotics\\Rae\\rae-ros-oyster\\rae_oyster\\build\\rae_oyster', 'catkin_cmake_args': None, 'catkin_skip_building_tests': False, 'cmake_args': None, 'cmake_clean_cache': False, 'cmake_clean_first': False, 'cmake_force_configure': False, 'cmake_target': None, 'cmake_target_skip_unavailable': False, 'install_base': 'D:\\UserProjects\\Joey\\Robotics\\Rae\\rae-ros-oyster\\rae_oyster\\install\\rae_oyster', 'merge_install': False, 'path': 'D:\\UserProjects\\Joey\\Robotics\\Rae\\rae-ros-oyster\\rae_oyster', 'symlink_install': False, 'test_result_base': None}[0m
[0.709s] [34mcolcon.colcon_core.executor[0m [1;30mINFO[0m Executing jobs using 'parallel' executor
[0.715s] [34mcolcon.colcon_parallel_executor.executor.parallel[0m [1;30mDEBUG[0m [32mrun_until_complete[0m
[0.715s] [34mcolcon.colcon_ros.task.ament_python.build[0m [1;30mINFO[0m Building ROS package in 'D:\UserProjects\Joey\Robotics\Rae\rae-ros-oyster\rae_oyster' with build type 'ament_python'
[0.715s] [34mcolcon.colcon_core.shell[0m [1;30mLevel 1[0m create_environment_hook('rae_oyster', 'ament_prefix_path')
[0.718s] [34mcolcon.colcon_core.plugin_system[0m [1;30mINFO[0m Skipping extension 'colcon_core.shell.sh': Not used on Windows systems
[0.718s] [34mcolcon.colcon_core.shell[0m [1;30mINFO[0m Creating environment hook 'D:\UserProjects\Joey\Robotics\Rae\rae-ros-oyster\rae_oyster\install\rae_oyster\share\rae_oyster\hook\ament_prefix_path.ps1'
[0.719s] [34mcolcon.colcon_core.shell[0m [1;30mINFO[0m Creating environment hook 'D:\UserProjects\Joey\Robotics\Rae\rae-ros-oyster\rae_oyster\install\rae_oyster\share\rae_oyster\hook\ament_prefix_path.bat'
[0.719s] [34mcolcon.colcon_core.shell[0m [1;30mINFO[0m Creating environment descriptor 'D:\UserProjects\Joey\Robotics\Rae\rae-ros-oyster\rae_oyster\install\rae_oyster\share\rae_oyster\hook\ament_prefix_path.dsv'
[0.720s] [34mcolcon.colcon_core.shell[0m [1;30mINFO[0m Skip shell extension 'powershell' for command environment: Not usable outside of PowerShell
[1.537s] [34mcolcon.colcon_core.task.python.build[0m [1;30mINFO[0m Building Python package in 'D:\UserProjects\Joey\Robotics\Rae\rae-ros-oyster\rae_oyster'
[1.537s] [34mcolcon.colcon_core.shell[0m [1;30mINFO[0m Skip shell extension 'powershell' for command environment: Not usable outside of PowerShell
[2.834s] [34mcolcon.colcon_core.event_handler.log_command[0m [1;30mDEBUG[0m [32mInvoking command in 'D:\UserProjects\Joey\Robotics\Rae\rae-ros-oyster\rae_oyster': CONDA_PROMPT_MODIFIER=(ros_env) PYTHONPATH=D:\UserProjects\Joey\Robotics\Rae\rae-ros-oyster\rae_oyster\build\rae_oyster\prefix_override;C:\Users\Joey\miniforge3\envs\ros_env\Lib\site-packages\colcon_core\task\python\colcon_distutils_commands;D:\UserProjects\Joey\Robotics\Rae\rae-ros-oyster\rae_oyster\install\rae_oyster\Lib\site-packages;%PYTHONPATH% C:\Users\Joey\miniforge3\envs\ros_env\python.exe -W ignore:setup.py install is deprecated setup.py egg_info --egg-base build\rae_oyster build --build-base D:\UserProjects\Joey\Robotics\Rae\rae-ros-oyster\rae_oyster\build\rae_oyster\build install --record D:\UserProjects\Joey\Robotics\Rae\rae-ros-oyster\rae_oyster\build\rae_oyster\install.log --single-version-externally-managed install_data[0m
[3.907s] [34mcolcon.colcon_core.event_handler.log_command[0m [1;30mDEBUG[0m [32mInvoked command in 'D:\UserProjects\Joey\Robotics\Rae\rae-ros-oyster\rae_oyster' returned '0': CONDA_PROMPT_MODIFIER=(ros_env) PYTHONPATH=D:\UserProjects\Joey\Robotics\Rae\rae-ros-oyster\rae_oyster\build\rae_oyster\prefix_override;C:\Users\Joey\miniforge3\envs\ros_env\Lib\site-packages\colcon_core\task\python\colcon_distutils_commands;D:\UserProjects\Joey\Robotics\Rae\rae-ros-oyster\rae_oyster\install\rae_oyster\Lib\site-packages;%PYTHONPATH% C:\Users\Joey\miniforge3\envs\ros_env\python.exe -W ignore:setup.py install is deprecated setup.py egg_info --egg-base build\rae_oyster build --build-base D:\UserProjects\Joey\Robotics\Rae\rae-ros-oyster\rae_oyster\build\rae_oyster\build install --record D:\UserProjects\Joey\Robotics\Rae\rae-ros-oyster\rae_oyster\build\rae_oyster\install.log --single-version-externally-managed install_data[0m
[3.912s] [34mcolcon.colcon_core.environment[0m [1;30mLevel 1[0m checking 'D:\UserProjects\Joey\Robotics\Rae\rae-ros-oyster\rae_oyster\install\rae_oyster' for CMake module files
[3.913s] [34mcolcon.colcon_core.environment[0m [1;30mLevel 1[0m checking 'D:\UserProjects\Joey\Robotics\Rae\rae-ros-oyster\rae_oyster\install\rae_oyster' for CMake config files
[3.914s] [34mcolcon.colcon_core.environment[0m [1;30mLevel 1[0m checking 'D:\UserProjects\Joey\Robotics\Rae\rae-ros-oyster\rae_oyster\install\rae_oyster\bin'
[3.914s] [34mcolcon.colcon_core.environment[0m [1;30mLevel 1[0m checking 'D:\UserProjects\Joey\Robotics\Rae\rae-ros-oyster\rae_oyster\install\rae_oyster\bin'
[3.914s] [34mcolcon.colcon_core.environment[0m [1;30mLevel 1[0m checking 'D:\UserProjects\Joey\Robotics\Rae\rae-ros-oyster\rae_oyster\install\rae_oyster\lib\pkgconfig\rae_oyster.pc'
[3.914s] [34mcolcon.colcon_core.environment[0m [1;30mLevel 1[0m checking 'D:\UserProjects\Joey\Robotics\Rae\rae-ros-oyster\rae_oyster\install\rae_oyster\Lib\site-packages'
[3.914s] [34mcolcon.colcon_core.shell[0m [1;30mLevel 1[0m create_environment_hook('rae_oyster', 'pythonpath')
[3.915s] [34mcolcon.colcon_core.shell[0m [1;30mINFO[0m Creating environment hook 'D:\UserProjects\Joey\Robotics\Rae\rae-ros-oyster\rae_oyster\install\rae_oyster\share\rae_oyster\hook\pythonpath.ps1'
[3.915s] [34mcolcon.colcon_core.shell[0m [1;30mINFO[0m Creating environment hook 'D:\UserProjects\Joey\Robotics\Rae\rae-ros-oyster\rae_oyster\install\rae_oyster\share\rae_oyster\hook\pythonpath.bat'
[3.915s] [34mcolcon.colcon_core.shell[0m [1;30mINFO[0m Creating environment descriptor 'D:\UserProjects\Joey\Robotics\Rae\rae-ros-oyster\rae_oyster\install\rae_oyster\share\rae_oyster\hook\pythonpath.dsv'
[3.916s] [34mcolcon.colcon_core.environment[0m [1;30mLevel 1[0m checking 'D:\UserProjects\Joey\Robotics\Rae\rae-ros-oyster\rae_oyster\install\rae_oyster\Scripts'
[3.916s] [34mcolcon.colcon_core.environment[0m [1;30mLevel 1[0m create_environment_scripts_only(rae_oyster)
[3.917s] [34mcolcon.colcon_core.shell[0m [1;30mINFO[0m Creating package script 'D:\UserProjects\Joey\Robotics\Rae\rae-ros-oyster\rae_oyster\install\rae_oyster\share\rae_oyster\package.ps1'
[3.918s] [34mcolcon.colcon_core.shell[0m [1;30mINFO[0m Creating package script 'D:\UserProjects\Joey\Robotics\Rae\rae-ros-oyster\rae_oyster\install\rae_oyster\share\rae_oyster\package.bat'
[3.918s] [34mcolcon.colcon_core.shell[0m [1;30mINFO[0m Creating package descriptor 'D:\UserProjects\Joey\Robotics\Rae\rae-ros-oyster\rae_oyster\install\rae_oyster\share\rae_oyster\package.dsv'
[3.920s] [34mcolcon.colcon_core.environment[0m [1;30mLevel 1[0m create_file_with_runtime_dependencies(D:\UserProjects\Joey\Robotics\Rae\rae-ros-oyster\rae_oyster\install\rae_oyster\share\colcon-core\packages\rae_oyster)
[3.922s] [34mcolcon.colcon_parallel_executor.executor.parallel[0m [1;30mDEBUG[0m [32mrun_until_complete finished with '0'[0m
[3.922s] [34mcolcon.colcon_core.event_reactor[0m [1;30mDEBUG[0m [32mjoining thread[0m
[3.930s] [34mcolcon.colcon_core.plugin_system[0m [1;30mINFO[0m Skipping extension 'colcon_notification.desktop_notification.notify2': 'notify2' not found
[3.931s] [34mcolcon.colcon_core.plugin_system[0m [1;30mINFO[0m Skipping extension 'colcon_notification.desktop_notification.notify_send': Not used on non-Linux systems
[3.931s] [34mcolcon.colcon_core.plugin_system[0m [1;30mINFO[0m Skipping extension 'colcon_notification.desktop_notification.terminal_notifier': Not used on non-Darwin systems
[3.931s] [34mcolcon.colcon_notification.desktop_notification[0m [1;30mINFO[0m Sending desktop notification using 'win32'
[9.057s] [34mcolcon.colcon_core.event_reactor[0m [1;30mDEBUG[0m [32mjoined thread[0m
[9.057s] [34mcolcon.colcon_core.shell[0m [1;30mINFO[0m Creating prefix script 'D:\UserProjects\Joey\Robotics\Rae\rae-ros-oyster\rae_oyster\install\local_setup.ps1'
[9.058s] [34mcolcon.colcon_core.shell[0m [1;30mINFO[0m Creating prefix util module 'D:\UserProjects\Joey\Robotics\Rae\rae-ros-oyster\rae_oyster\install\_local_setup_util_ps1.py'
[9.082s] [34mcolcon.colcon_core.shell[0m [1;30mINFO[0m Creating prefix chain script 'D:\UserProjects\Joey\Robotics\Rae\rae-ros-oyster\rae_oyster\install\setup.ps1'
[9.083s] [34mcolcon.colcon_core.shell[0m [1;30mINFO[0m Creating prefix script 'D:\UserProjects\Joey\Robotics\Rae\rae-ros-oyster\rae_oyster\install\local_setup.bat'
[9.084s] [34mcolcon.colcon_core.shell[0m [1;30mINFO[0m Creating prefix util module 'D:\UserProjects\Joey\Robotics\Rae\rae-ros-oyster\rae_oyster\install\_local_setup_util_bat.py'
[9.085s] [34mcolcon.colcon_core.shell[0m [1;30mINFO[0m Creating prefix chain script 'D:\UserProjects\Joey\Robotics\Rae\rae-ros-oyster\rae_oyster\install\setup.bat'
