[1.609s] Invoking command in 'D:\UserProjects\Joey\Robotics\Rae\rae-ros-oyster\rae_oyster': CONDA_PROMPT_MODIFIER=(ros_env) PYTHONPATH=D:\UserProjects\Joey\Robotics\Rae\rae-ros-oyster\build\rae_oyster\prefix_override;C:\Users\Joey\miniforge3\envs\ros_env\Lib\site-packages\colcon_core\task\python\colcon_distutils_commands;D:\UserProjects\Joey\Robotics\Rae\rae-ros-oyster\install\rae_oyster\Lib\site-packages;%PYTHONPATH% C:\Users\Joey\miniforge3\envs\ros_env\python.exe -W ignore:setup.py install is deprecated setup.py egg_info --egg-base ..\build\rae_oyster build --build-base D:\UserProjects\Joey\Robotics\Rae\rae-ros-oyster\build\rae_oyster\build install --record D:\UserProjects\Joey\Robotics\Rae\rae-ros-oyster\build\rae_oyster\install.log --single-version-externally-managed install_data
[2.046s] C:\Users\Joey\miniforge3\envs\ros_env\Lib\site-packages\setuptools\_distutils\dist.py:268: UserWarning: Unknown distribution option: 'tests_require'
[2.046s]   warnings.warn(msg)
[2.218s] running egg_info
[2.234s] writing ..\build\rae_oyster\rae_oyster.egg-info\PKG-INFO
[2.234s] writing dependency_links to ..\build\rae_oyster\rae_oyster.egg-info\dependency_links.txt
[2.234s] writing entry points to ..\build\rae_oyster\rae_oyster.egg-info\entry_points.txt
[2.234s] writing requirements to ..\build\rae_oyster\rae_oyster.egg-info\requires.txt
[2.234s] writing top-level names to ..\build\rae_oyster\rae_oyster.egg-info\top_level.txt
[2.296s] reading manifest file '..\build\rae_oyster\rae_oyster.egg-info\SOURCES.txt'
[2.296s] writing manifest file '..\build\rae_oyster\rae_oyster.egg-info\SOURCES.txt'
[2.296s] running build
[2.296s] running build_py
[2.296s] copying rae_oyster\pearl_node.py -> D:\UserProjects\Joey\Robotics\Rae\rae-ros-oyster\build\rae_oyster\build\lib\rae_oyster
[2.312s] copying rae_oyster\__init__.py -> D:\UserProjects\Joey\Robotics\Rae\rae-ros-oyster\build\rae_oyster\build\lib\rae_oyster
[2.312s] running install
[2.312s] running install_lib
[2.328s] copying D:\UserProjects\Joey\Robotics\Rae\rae-ros-oyster\build\rae_oyster\build\lib\rae_oyster\pearl_node.py -> D:\UserProjects\Joey\Robotics\Rae\rae-ros-oyster\install\rae_oyster\Lib\site-packages\rae_oyster
[2.328s] byte-compiling D:\UserProjects\Joey\Robotics\Rae\rae-ros-oyster\install\rae_oyster\Lib\site-packages\rae_oyster\pearl_node.py to pearl_node.cpython-311.pyc
[2.343s] running install_data
[2.343s] copying resource\rae_oyster -> D:\UserProjects\Joey\Robotics\Rae\rae-ros-oyster\install\rae_oyster\share\ament_index\resource_index\packages
[2.343s] copying package.xml -> D:\UserProjects\Joey\Robotics\Rae\rae-ros-oyster\install\rae_oyster\share\rae_oyster
[2.343s] running install_egg_info
[2.375s] removing 'D:\UserProjects\Joey\Robotics\Rae\rae-ros-oyster\install\rae_oyster\Lib\site-packages\rae_oyster-0.0.0-py3.11.egg-info' (and everything under it)
[2.375s] Copying ..\build\rae_oyster\rae_oyster.egg-info to D:\UserProjects\Joey\Robotics\Rae\rae-ros-oyster\install\rae_oyster\Lib\site-packages\rae_oyster-0.0.0-py3.11.egg-info
[2.375s] running install_scripts
[2.640s] Installing pearl_node-script.py script to D:\UserProjects\Joey\Robotics\Rae\rae-ros-oyster\install\rae_oyster\lib\rae_oyster
[2.640s] Installing pearl_node.exe script to D:\UserProjects\Joey\Robotics\Rae\rae-ros-oyster\install\rae_oyster\lib\rae_oyster
[2.640s] writing list of installed files to 'D:\UserProjects\Joey\Robotics\Rae\rae-ros-oyster\build\rae_oyster\install.log'
[2.687s] Invoked command in 'D:\UserProjects\Joey\Robotics\Rae\rae-ros-oyster\rae_oyster' returned '0': CONDA_PROMPT_MODIFIER=(ros_env) PYTHONPATH=D:\UserProjects\Joey\Robotics\Rae\rae-ros-oyster\build\rae_oyster\prefix_override;C:\Users\Joey\miniforge3\envs\ros_env\Lib\site-packages\colcon_core\task\python\colcon_distutils_commands;D:\UserProjects\Joey\Robotics\Rae\rae-ros-oyster\install\rae_oyster\Lib\site-packages;%PYTHONPATH% C:\Users\Joey\miniforge3\envs\ros_env\python.exe -W ignore:setup.py install is deprecated setup.py egg_info --egg-base ..\build\rae_oyster build --build-base D:\UserProjects\Joey\Robotics\Rae\rae-ros-oyster\build\rae_oyster\build install --record D:\UserProjects\Joey\Robotics\Rae\rae-ros-oyster\build\rae_oyster\install.log --single-version-externally-managed install_data
